{
  "RSpec": {
    "coverage": {
      "/Users/apprentice/Desktop/BEN_SUSENS/ReadyReader/Ready_Reader/spec/controllers/books_controller_spec.rb": [
        1,
        null,
        1,
        null,
        null
      ],
      "/Users/apprentice/Desktop/BEN_SUSENS/ReadyReader/Ready_Reader/spec/rails_helper.rb": [
        null,
        1,
        1,
        1,
        1,
        1,
        1,
        null,
        null,
        null,
        null,
        null,
        null,
        null,
        null,
        1,
        null,
        null,
        null,
        1,
        null,
        1,
        1,
        1,
        null,
        1,
        null,
        null,
        null,
        null,
        1,
        null,
        null,
        null,
        null,
        null,
        null,
        null,
        null,
        null,
        null,
        null,
        null,
        null,
        null,
        1,
        null
      ],
      "/Users/apprentice/Desktop/BEN_SUSENS/ReadyReader/Ready_Reader/config/environment.rb": [
        null,
        1,
        null,
        null,
        1
      ],
      "/Users/apprentice/Desktop/BEN_SUSENS/ReadyReader/Ready_Reader/config/application.rb": [
        1,
        null,
        null,
        1,
        1,
        1,
        1,
        1,
        1,
        null,
        null,
        null,
        null,
        1,
        null,
        1,
        1,
        null,
        null,
        null,
        null,
        null,
        null,
        null,
        null,
        null,
        null,
        null,
        null,
        null
      ],
      "/Users/apprentice/Desktop/BEN_SUSENS/ReadyReader/Ready_Reader/config/boot.rb": [
        null,
        1,
        null,
        1
      ],
      "/Users/apprentice/Desktop/BEN_SUSENS/ReadyReader/Ready_Reader/config/environments/test.rb": [
        1,
        null,
        null,
        null,
        null,
        null,
        null,
        1,
        null,
        null,
        null,
        null,
        1,
        null,
        null,
        1,
        1,
        null,
        null,
        1,
        1,
        null,
        null,
        1,
        null,
        null,
        1,
        null,
        null,
        null,
        null,
        1,
        null,
        null,
        1,
        null,
        null,
        null,
        null
      ],
      "/Users/apprentice/Desktop/BEN_SUSENS/ReadyReader/Ready_Reader/config/initializers/assets.rb": [
        null,
        null,
        null,
        1,
        null,
        null,
        null,
        null
      ],
      "/Users/apprentice/Desktop/BEN_SUSENS/ReadyReader/Ready_Reader/config/initializers/backtrace_silencers.rb": [
        null,
        null,
        null,
        null,
        null,
        null,
        null
      ],
      "/Users/apprentice/Desktop/BEN_SUSENS/ReadyReader/Ready_Reader/config/initializers/cookies_serializer.rb": [
        null,
        null,
        1
      ],
      "/Users/apprentice/Desktop/BEN_SUSENS/ReadyReader/Ready_Reader/config/initializers/filter_parameter_logging.rb": [
        null,
        null,
        null,
        1
      ],
      "/Users/apprentice/Desktop/BEN_SUSENS/ReadyReader/Ready_Reader/config/initializers/inflections.rb": [
        null,
        null,
        null,
        null,
        null,
        null,
        null,
        null,
        null,
        null,
        null,
        null,
        null,
        null,
        null,
        null
      ],
      "/Users/apprentice/Desktop/BEN_SUSENS/ReadyReader/Ready_Reader/config/initializers/mime_types.rb": [
        null,
        null,
        null,
        null
      ],
      "/Users/apprentice/Desktop/BEN_SUSENS/ReadyReader/Ready_Reader/config/initializers/session_store.rb": [
        null,
        null,
        1
      ],
      "/Users/apprentice/Desktop/BEN_SUSENS/ReadyReader/Ready_Reader/config/initializers/wrap_parameters.rb": [
        null,
        null,
        null,
        null,
        null,
        null,
        1,
        1,
        null,
        null,
        null,
        null,
        null,
        null
      ],
      "/Users/apprentice/Desktop/BEN_SUSENS/ReadyReader/Ready_Reader/spec/factories/books.rb": [
        1,
        1,
        null,
        1,
        1,
        null,
        null,
        null,
        null,
        null,
        null,
        null
      ],
      "/Users/apprentice/Desktop/BEN_SUSENS/ReadyReader/Ready_Reader/spec/factories/users.rb": [
        1,
        1,
        null,
        1,
        1,
        1,
        1,
        null,
        null,
        null,
        null,
        null,
        null,
        null
      ],
      "/Users/apprentice/Desktop/BEN_SUSENS/ReadyReader/Ready_Reader/config/routes.rb": [
        1,
        null,
        1,
        1,
        null,
        1,
        null,
        null
      ],
      "/Users/apprentice/Desktop/BEN_SUSENS/ReadyReader/Ready_Reader/app/helpers/application_helper.rb": [
        1,
        null
      ],
      "/Users/apprentice/Desktop/BEN_SUSENS/ReadyReader/Ready_Reader/app/helpers/books_helper.rb": [
        1,
        null
      ],
      "/Users/apprentice/Desktop/BEN_SUSENS/ReadyReader/Ready_Reader/app/helpers/users_helper.rb": [
        1,
        null
      ],
      "/Users/apprentice/Desktop/BEN_SUSENS/ReadyReader/Ready_Reader/app/controllers/books_controller.rb": [
        1,
        null,
        1,
        0,
        null,
        null,
        1,
        0,
        0,
        0,
        0,
        null,
        null,
        0,
        null,
        0,
        null,
        0,
        0,
        0,
        0,
        null,
        null,
        0,
        null,
        0,
        null,
        null,
        1,
        null,
        null,
        null,
        1,
        null,
        null,
        null,
        null
      ],
      "/Users/apprentice/Desktop/BEN_SUSENS/ReadyReader/Ready_Reader/app/controllers/application_controller.rb": [
        1,
        null,
        null,
        1,
        null
      ],
      "/Users/apprentice/Desktop/BEN_SUSENS/ReadyReader/Ready_Reader/spec/controllers/users_controller_spec.rb": [
        1,
        null,
        1,
        null,
        null
      ],
      "/Users/apprentice/Desktop/BEN_SUSENS/ReadyReader/Ready_Reader/app/controllers/users_controller.rb": [
        1,
        null
      ],
      "/Users/apprentice/Desktop/BEN_SUSENS/ReadyReader/Ready_Reader/spec/helpers/books_helper_spec.rb": [
        1,
        null,
        null,
        null,
        null,
        null,
        null,
        null,
        null,
        null,
        null,
        null,
        1,
        1,
        null
      ],
      "/Users/apprentice/Desktop/BEN_SUSENS/ReadyReader/Ready_Reader/spec/helpers/users_helper_spec.rb": [
        1,
        null,
        null,
        null,
        null,
        null,
        null,
        null,
        null,
        null,
        null,
        null,
        1,
        1,
        null
      ],
      "/Users/apprentice/Desktop/BEN_SUSENS/ReadyReader/Ready_Reader/spec/models/book_spec.rb": [
        1,
        null,
        1,
        1,
        null
      ],
      "/Users/apprentice/Desktop/BEN_SUSENS/ReadyReader/Ready_Reader/app/models/book.rb": [
        1,
        1,
        1,
        1,
        null,
        null,
        1,
        0,
        0,
        null,
        null,
        null
      ],
      "/Users/apprentice/Desktop/BEN_SUSENS/ReadyReader/Ready_Reader/spec/models/comment_spec.rb": [
        1,
        null,
        1,
        1,
        null
      ],
      "/Users/apprentice/Desktop/BEN_SUSENS/ReadyReader/Ready_Reader/app/models/comment.rb": [
        1,
        1,
        1,
        null
      ],
      "/Users/apprentice/Desktop/BEN_SUSENS/ReadyReader/Ready_Reader/spec/models/user_spec.rb": [
        1,
        null,
        1,
        1,
        null
      ],
      "/Users/apprentice/Desktop/BEN_SUSENS/ReadyReader/Ready_Reader/app/models/user.rb": [
        1,
        1,
        1,
        null,
        1,
        1,
        1,
        null,
        null
      ]
    },
    "timestamp": 1406234621
  }
}
